[000:000] Browser XEmbed support present: 1
[000:000] Browser toolkit is Gtk2.
[000:000] Using Gtk2 toolkit
[000:009] Starting client channel.
[000:009] Warning(clientchannel.cc:436): Unreadable or no port file.  Could not initiate GoogleTalkPlugin connection
[000:010] Warning(clientchannel.cc:411): Could not initiate GoogleTalkPlugin connection
[000:010] GoogleTalkPlugin not running. Starting new process...
[000:010] Warning(optionsfile.cc:47): Load: Could not open file, err=2
[000:010] Warning(pluginutils.cc:251): Failed to get GoogleTalkPlugin path. Trying default.
[000:015] Started GoogleTalkPlugin, path=/opt/google/talkplugin/GoogleTalkPlugin
[000:016] Waiting for GoogleTalkPlugin to start...
[001:105] Attempting to connect to GoogleTalkPlugin...
[001:105] Read port file, port=34693
[001:107] Initiated connection to GoogleTalkPlugin
[001:206] Socket connection established
[001:207] ScheduleOnlineCheck: Online check in 5000ms
[001:307] Got cookie response, socket is authorized
[001:307] AUTHORIZED; socket handshake complete
[001:309] F->C: ["fs",{"pr":"a"}]
[001:407] F->C: ["mf","mf4.1","4.1.3.0",2,{"audioCodecs":[[103,"ISAC",1,0,16000],[104,"ISAC",1,0,32000],[9,"G722",1,64000,16000],[102,"ILBC",1,13300,8000],[0,"PCMU",1,64000,8000],[8,"PCMA",1,64000,8000],[107,"CN",1,0,48000],[106,"CN",1,0,32000],[105,"CN",1,0,16000],[13,"CN",1,0,8000],[127,"red",1,0,8000],[126,"telephone-event",1,0,8000]],"audioRtpHdrExts":[{"id":1,"uri":"urn:ietf:params:rtp-hdrext:ssrc-audio-level"}],"camDeviceName":"Built-in iSight","caps":15,"cpuAdaptVersion":1,"cpuArchitecture":1,"cpuCacheSize":3145728,"cpuFamily":6,"cpuFlags":["sse2","ssse3","sse4_1"],"cpuHasSSE2":true,"cpuModel":23,"cpuSpeed":2527,"cpuStepping":10,"cpuVendor":"GenuineIntel","cpus":2,"cpusPhysical":2,"cryptoSuites":["AES_CM_128_HMAC_SHA1_80","AES_CM_128_HMAC_SHA1_32"],"dataChannelVersion":1,"effectsVersion":10,"gpuDescription":"","gpuDeviceId":0,"gpuDeviceName":"","gpuDriver":"","gpuDriverVersion":"","gpuVendorId":0,"machineModel":"Not available","remotingAssistanceAllowed":0,"remotingVersion":1,"renderer":2,"rtcpMux":true,"screencast":2,"screencastLocalPreview":1,"supportsConcurrentSessions":true,"transports":["i","gice"],"videoCodecs":[[99,"H264-SVC",640,360,30],[97,"H264",640,360,30],[98,"H263",640,360,30]],"videoRtpHdrExts":[{"id":2,"uri":"urn:ietf:params:rtp-hdrext:toffset"}]}]
[001:508] F->C: ["getdevicestate","15","0",["__default_device","HDA NVidia, CS4206 Analog - Default Audio Device","HDA NVidia, CS4206 Analog - Default Audio Device","HDA NVidia, CS4206 Analog - Front speakers","HDA NVidia, CS4206 Analog - 4.0 Surround output to Front and Rear speakers","HDA NVidia, CS4206 Analog - 4.1 Surround output to Front, Rear and Subwoofer speakers","HDA NVidia, CS4206 Analog - 5.0 Surround output to Front, Center and Rear speakers","HDA NVidia, CS4206 Analog - 5.1 Surround output to Front, Center, Rear and Subwoofer speakers","HDA NVidia, CS4206 Analog - 7.1 Surround output to Front, Center, Side, Rear and Woofer speakers"],"0",["__default_device","HDA NVidia, CS4206 Analog - Default Audio Device","HDA NVidia, CS4206 Analog - Default Audio Device","HDA NVidia, CS4206 Analog - Front speakers","HDA NVidia, CS4206 Analog - 4.0 Surround output to Front and Rear speakers","HDA NVidia, CS4206 Analog - 4.1 Surround output to Front, Rear and Subwoofer speakers","HDA NVidia, CS4206 Analog - 5.0 Surround output to Front, Center and Rear speakers","HDA NVidia, CS4206 Analog - 5.1 Surround output to Front, Center, Rear and Subwoofer speakers","HDA NVidia, CS4206 Analog - 7.1 Surround output to Front, Center, Side, Rear and Woofer speakers","HDA NVidia, CS4206 Digital - IEC958 (S/PDIF) Digital Audio Output"],"0",["Built-in iSight"]]
